[2024-12-22 15:58:01] local.ERROR: SQLSTATE[HY000] [1045] Access denied for user 'root'@'localhost' (using password: NO) (Connection: mysql, SQL: select exists (select 1 from information_schema.tables where table_schema = 'rats' and table_name = 'migrations' and table_type in ('BASE TABLE', 'SYSTEM VERSIONED')) as `exists`) {"exception":"[object] (Illuminate\\Database\\QueryException(code: 1045): SQLSTATE[HY000] [1045] Access denied for user 'root'@'localhost' (using password: NO) (Connection: mysql, SQL: select exists (select 1 from information_schema.tables where table_schema = 'rats' and table_name = 'migrations' and table_type in ('BASE TABLE', 'SYSTEM VERSIONED')) as `exists`) at /mnt/diskD/BELAJAR/CODING/MAIN/PROJECT/rats-backend/api/vendor/laravel/framework/src/Illuminate/Database/Connection.php:825)
[stacktrace]
#0 /mnt/diskD/BELAJAR/CODING/MAIN/PROJECT/rats-backend/api/vendor/laravel/framework/src/Illuminate/Database/Connection.php(779): Illuminate\\Database\\Connection->runQueryCallback()
#1 /mnt/diskD/BELAJAR/CODING/MAIN/PROJECT/rats-backend/api/vendor/laravel/framework/src/Illuminate/Database/Connection.php(398): Illuminate\\Database\\Connection->run()
#2 /mnt/diskD/BELAJAR/CODING/MAIN/PROJECT/rats-backend/api/vendor/laravel/framework/src/Illuminate/Database/Connection.php(344): Illuminate\\Database\\Connection->select()
#3 /mnt/diskD/BELAJAR/CODING/MAIN/PROJECT/rats-backend/api/vendor/laravel/framework/src/Illuminate/Database/Connection.php(361): Illuminate\\Database\\Connection->selectOne()
#4 /mnt/diskD/BELAJAR/CODING/MAIN/PROJECT/rats-backend/api/vendor/laravel/framework/src/Illuminate/Database/Schema/MySqlBuilder.php(45): Illuminate\\Database\\Connection->scalar()
#5 /mnt/diskD/BELAJAR/CODING/MAIN/PROJECT/rats-backend/api/vendor/laravel/framework/src/Illuminate/Database/Migrations/DatabaseMigrationRepository.php(184): Illuminate\\Database\\Schema\\MySqlBuilder->hasTable()
#6 /mnt/diskD/BELAJAR/CODING/MAIN/PROJECT/rats-backend/api/vendor/laravel/framework/src/Illuminate/Database/Migrations/Migrator.php(681): Illuminate\\Database\\Migrations\\DatabaseMigrationRepository->repositoryExists()
#7 /mnt/diskD/BELAJAR/CODING/MAIN/PROJECT/rats-backend/api/vendor/laravel/framework/src/Illuminate/Database/Console/Migrations/MigrateCommand.php(164): Illuminate\\Database\\Migrations\\Migrator->repositoryExists()
#8 /mnt/diskD/BELAJAR/CODING/MAIN/PROJECT/rats-backend/api/vendor/laravel/framework/src/Illuminate/Support/helpers.php(319): Illuminate\\Database\\Console\\Migrations\\MigrateCommand->Illuminate\\Database\\Console\\Migrations\\{closure}()
#9 /mnt/diskD/BELAJAR/CODING/MAIN/PROJECT/rats-backend/api/vendor/laravel/framework/src/Illuminate/Database/Console/Migrations/MigrateCommand.php(164): retry()
#10 /mnt/diskD/BELAJAR/CODING/MAIN/PROJECT/rats-backend/api/vendor/laravel/framework/src/Illuminate/Database/Console/Migrations/MigrateCommand.php(140): Illuminate\\Database\\Console\\Migrations\\MigrateCommand->repositoryExists()
#11 /mnt/diskD/BELAJAR/CODING/MAIN/PROJECT/rats-backend/api/vendor/laravel/framework/src/Illuminate/Database/Console/Migrations/MigrateCommand.php(110): Illuminate\\Database\\Console\\Migrations\\MigrateCommand->prepareDatabase()
#12 /mnt/diskD/BELAJAR/CODING/MAIN/PROJECT/rats-backend/api/vendor/laravel/framework/src/Illuminate/Database/Migrations/Migrator.php(616): Illuminate\\Database\\Console\\Migrations\\MigrateCommand->Illuminate\\Database\\Console\\Migrations\\{closure}()
#13 /mnt/diskD/BELAJAR/CODING/MAIN/PROJECT/rats-backend/api/vendor/laravel/framework/src/Illuminate/Database/Console/Migrations/MigrateCommand.php(109): Illuminate\\Database\\Migrations\\Migrator->usingConnection()
#14 /mnt/diskD/BELAJAR/CODING/MAIN/PROJECT/rats-backend/api/vendor/laravel/framework/src/Illuminate/Database/Console/Migrations/MigrateCommand.php(88): Illuminate\\Database\\Console\\Migrations\\MigrateCommand->runMigrations()
#15 /mnt/diskD/BELAJAR/CODING/MAIN/PROJECT/rats-backend/api/vendor/laravel/framework/src/Illuminate/Container/BoundMethod.php(36): Illuminate\\Database\\Console\\Migrations\\MigrateCommand->handle()
#16 /mnt/diskD/BELAJAR/CODING/MAIN/PROJECT/rats-backend/api/vendor/laravel/framework/src/Illuminate/Container/Util.php(43): Illuminate\\Container\\BoundMethod::Illuminate\\Container\\{closure}()
#17 /mnt/diskD/BELAJAR/CODING/MAIN/PROJECT/rats-backend/api/vendor/laravel/framework/src/Illuminate/Container/BoundMethod.php(95): Illuminate\\Container\\Util::unwrapIfClosure()
#18 /mnt/diskD/BELAJAR/CODING/MAIN/PROJECT/rats-backend/api/vendor/laravel/framework/src/Illuminate/Container/BoundMethod.php(35): Illuminate\\Container\\BoundMethod::callBoundMethod()
#19 /mnt/diskD/BELAJAR/CODING/MAIN/PROJECT/rats-backend/api/vendor/laravel/framework/src/Illuminate/Container/Container.php(690): Illuminate\\Container\\BoundMethod::call()
#20 /mnt/diskD/BELAJAR/CODING/MAIN/PROJECT/rats-backend/api/vendor/laravel/framework/src/Illuminate/Console/Command.php(213): Illuminate\\Container\\Container->call()
#21 /mnt/diskD/BELAJAR/CODING/MAIN/PROJECT/rats-backend/api/vendor/symfony/console/Command/Command.php(279): Illuminate\\Console\\Command->execute()
#22 /mnt/diskD/BELAJAR/CODING/MAIN/PROJECT/rats-backend/api/vendor/laravel/framework/src/Illuminate/Console/Command.php(182): Symfony\\Component\\Console\\Command\\Command->run()
#23 /mnt/diskD/BELAJAR/CODING/MAIN/PROJECT/rats-backend/api/vendor/symfony/console/Application.php(1047): Illuminate\\Console\\Command->run()
#24 /mnt/diskD/BELAJAR/CODING/MAIN/PROJECT/rats-backend/api/vendor/symfony/console/Application.php(316): Symfony\\Component\\Console\\Application->doRunCommand()
#25 /mnt/diskD/BELAJAR/CODING/MAIN/PROJECT/rats-backend/api/vendor/symfony/console/Application.php(167): Symfony\\Component\\Console\\Application->doRun()
#26 /mnt/diskD/BELAJAR/CODING/MAIN/PROJECT/rats-backend/api/vendor/laravel/framework/src/Illuminate/Foundation/Console/Kernel.php(197): Symfony\\Component\\Console\\Application->run()
#27 /mnt/diskD/BELAJAR/CODING/MAIN/PROJECT/rats-backend/api/vendor/laravel/framework/src/Illuminate/Foundation/Application.php(1205): Illuminate\\Foundation\\Console\\Kernel->handle()
#28 /mnt/diskD/BELAJAR/CODING/MAIN/PROJECT/rats-backend/api/artisan(13): Illuminate\\Foundation\\Application->handleCommand()
#29 {main}

[previous exception] [object] (PDOException(code: 1045): SQLSTATE[HY000] [1045] Access denied for user 'root'@'localhost' (using password: NO) at /mnt/diskD/BELAJAR/CODING/MAIN/PROJECT/rats-backend/api/vendor/laravel/framework/src/Illuminate/Database/Connectors/Connector.php:66)
[stacktrace]
#0 /mnt/diskD/BELAJAR/CODING/MAIN/PROJECT/rats-backend/api/vendor/laravel/framework/src/Illuminate/Database/Connectors/Connector.php(66): PDO->__construct()
#1 /mnt/diskD/BELAJAR/CODING/MAIN/PROJECT/rats-backend/api/vendor/laravel/framework/src/Illuminate/Database/Connectors/Connector.php(44): Illuminate\\Database\\Connectors\\Connector->createPdoConnection()
#2 /mnt/diskD/BELAJAR/CODING/MAIN/PROJECT/rats-backend/api/vendor/laravel/framework/src/Illuminate/Database/Connectors/MySqlConnector.php(24): Illuminate\\Database\\Connectors\\Connector->createConnection()
#3 /mnt/diskD/BELAJAR/CODING/MAIN/PROJECT/rats-backend/api/vendor/laravel/framework/src/Illuminate/Database/Connectors/ConnectionFactory.php(185): Illuminate\\Database\\Connectors\\MySqlConnector->connect()
#4 [internal function]: Illuminate\\Database\\Connectors\\ConnectionFactory->Illuminate\\Database\\Connectors\\{closure}()
#5 /mnt/diskD/BELAJAR/CODING/MAIN/PROJECT/rats-backend/api/vendor/laravel/framework/src/Illuminate/Database/Connection.php(1231): call_user_func()
#6 /mnt/diskD/BELAJAR/CODING/MAIN/PROJECT/rats-backend/api/vendor/laravel/framework/src/Illuminate/Database/Connection.php(1267): Illuminate\\Database\\Connection->getPdo()
#7 /mnt/diskD/BELAJAR/CODING/MAIN/PROJECT/rats-backend/api/vendor/laravel/framework/src/Illuminate/Database/Connection.php(512): Illuminate\\Database\\Connection->getReadPdo()
#8 /mnt/diskD/BELAJAR/CODING/MAIN/PROJECT/rats-backend/api/vendor/laravel/framework/src/Illuminate/Database/Connection.php(407): Illuminate\\Database\\Connection->getPdoForSelect()
#9 /mnt/diskD/BELAJAR/CODING/MAIN/PROJECT/rats-backend/api/vendor/laravel/framework/src/Illuminate/Database/Connection.php(812): Illuminate\\Database\\Connection->Illuminate\\Database\\{closure}()
#10 /mnt/diskD/BELAJAR/CODING/MAIN/PROJECT/rats-backend/api/vendor/laravel/framework/src/Illuminate/Database/Connection.php(779): Illuminate\\Database\\Connection->runQueryCallback()
#11 /mnt/diskD/BELAJAR/CODING/MAIN/PROJECT/rats-backend/api/vendor/laravel/framework/src/Illuminate/Database/Connection.php(398): Illuminate\\Database\\Connection->run()
#12 /mnt/diskD/BELAJAR/CODING/MAIN/PROJECT/rats-backend/api/vendor/laravel/framework/src/Illuminate/Database/Connection.php(344): Illuminate\\Database\\Connection->select()
#13 /mnt/diskD/BELAJAR/CODING/MAIN/PROJECT/rats-backend/api/vendor/laravel/framework/src/Illuminate/Database/Connection.php(361): Illuminate\\Database\\Connection->selectOne()
#14 /mnt/diskD/BELAJAR/CODING/MAIN/PROJECT/rats-backend/api/vendor/laravel/framework/src/Illuminate/Database/Schema/MySqlBuilder.php(45): Illuminate\\Database\\Connection->scalar()
#15 /mnt/diskD/BELAJAR/CODING/MAIN/PROJECT/rats-backend/api/vendor/laravel/framework/src/Illuminate/Database/Migrations/DatabaseMigrationRepository.php(184): Illuminate\\Database\\Schema\\MySqlBuilder->hasTable()
#16 /mnt/diskD/BELAJAR/CODING/MAIN/PROJECT/rats-backend/api/vendor/laravel/framework/src/Illuminate/Database/Migrations/Migrator.php(681): Illuminate\\Database\\Migrations\\DatabaseMigrationRepository->repositoryExists()
#17 /mnt/diskD/BELAJAR/CODING/MAIN/PROJECT/rats-backend/api/vendor/laravel/framework/src/Illuminate/Database/Console/Migrations/MigrateCommand.php(164): Illuminate\\Database\\Migrations\\Migrator->repositoryExists()
#18 /mnt/diskD/BELAJAR/CODING/MAIN/PROJECT/rats-backend/api/vendor/laravel/framework/src/Illuminate/Support/helpers.php(319): Illuminate\\Database\\Console\\Migrations\\MigrateCommand->Illuminate\\Database\\Console\\Migrations\\{closure}()
#19 /mnt/diskD/BELAJAR/CODING/MAIN/PROJECT/rats-backend/api/vendor/laravel/framework/src/Illuminate/Database/Console/Migrations/MigrateCommand.php(164): retry()
#20 /mnt/diskD/BELAJAR/CODING/MAIN/PROJECT/rats-backend/api/vendor/laravel/framework/src/Illuminate/Database/Console/Migrations/MigrateCommand.php(140): Illuminate\\Database\\Console\\Migrations\\MigrateCommand->repositoryExists()
#21 /mnt/diskD/BELAJAR/CODING/MAIN/PROJECT/rats-backend/api/vendor/laravel/framework/src/Illuminate/Database/Console/Migrations/MigrateCommand.php(110): Illuminate\\Database\\Console\\Migrations\\MigrateCommand->prepareDatabase()
#22 /mnt/diskD/BELAJAR/CODING/MAIN/PROJECT/rats-backend/api/vendor/laravel/framework/src/Illuminate/Database/Migrations/Migrator.php(616): Illuminate\\Database\\Console\\Migrations\\MigrateCommand->Illuminate\\Database\\Console\\Migrations\\{closure}()
#23 /mnt/diskD/BELAJAR/CODING/MAIN/PROJECT/rats-backend/api/vendor/laravel/framework/src/Illuminate/Database/Console/Migrations/MigrateCommand.php(109): Illuminate\\Database\\Migrations\\Migrator->usingConnection()
#24 /mnt/diskD/BELAJAR/CODING/MAIN/PROJECT/rats-backend/api/vendor/laravel/framework/src/Illuminate/Database/Console/Migrations/MigrateCommand.php(88): Illuminate\\Database\\Console\\Migrations\\MigrateCommand->runMigrations()
#25 /mnt/diskD/BELAJAR/CODING/MAIN/PROJECT/rats-backend/api/vendor/laravel/framework/src/Illuminate/Container/BoundMethod.php(36): Illuminate\\Database\\Console\\Migrations\\MigrateCommand->handle()
#26 /mnt/diskD/BELAJAR/CODING/MAIN/PROJECT/rats-backend/api/vendor/laravel/framework/src/Illuminate/Container/Util.php(43): Illuminate\\Container\\BoundMethod::Illuminate\\Container\\{closure}()
#27 /mnt/diskD/BELAJAR/CODING/MAIN/PROJECT/rats-backend/api/vendor/laravel/framework/src/Illuminate/Container/BoundMethod.php(95): Illuminate\\Container\\Util::unwrapIfClosure()
#28 /mnt/diskD/BELAJAR/CODING/MAIN/PROJECT/rats-backend/api/vendor/laravel/framework/src/Illuminate/Container/BoundMethod.php(35): Illuminate\\Container\\BoundMethod::callBoundMethod()
#29 /mnt/diskD/BELAJAR/CODING/MAIN/PROJECT/rats-backend/api/vendor/laravel/framework/src/Illuminate/Container/Container.php(690): Illuminate\\Container\\BoundMethod::call()
#30 /mnt/diskD/BELAJAR/CODING/MAIN/PROJECT/rats-backend/api/vendor/laravel/framework/src/Illuminate/Console/Command.php(213): Illuminate\\Container\\Container->call()
#31 /mnt/diskD/BELAJAR/CODING/MAIN/PROJECT/rats-backend/api/vendor/symfony/console/Command/Command.php(279): Illuminate\\Console\\Command->execute()
#32 /mnt/diskD/BELAJAR/CODING/MAIN/PROJECT/rats-backend/api/vendor/laravel/framework/src/Illuminate/Console/Command.php(182): Symfony\\Component\\Console\\Command\\Command->run()
#33 /mnt/diskD/BELAJAR/CODING/MAIN/PROJECT/rats-backend/api/vendor/symfony/console/Application.php(1047): Illuminate\\Console\\Command->run()
#34 /mnt/diskD/BELAJAR/CODING/MAIN/PROJECT/rats-backend/api/vendor/symfony/console/Application.php(316): Symfony\\Component\\Console\\Application->doRunCommand()
#35 /mnt/diskD/BELAJAR/CODING/MAIN/PROJECT/rats-backend/api/vendor/symfony/console/Application.php(167): Symfony\\Component\\Console\\Application->doRun()
#36 /mnt/diskD/BELAJAR/CODING/MAIN/PROJECT/rats-backend/api/vendor/laravel/framework/src/Illuminate/Foundation/Console/Kernel.php(197): Symfony\\Component\\Console\\Application->run()
#37 /mnt/diskD/BELAJAR/CODING/MAIN/PROJECT/rats-backend/api/vendor/laravel/framework/src/Illuminate/Foundation/Application.php(1205): Illuminate\\Foundation\\Console\\Kernel->handle()
#38 /mnt/diskD/BELAJAR/CODING/MAIN/PROJECT/rats-backend/api/artisan(13): Illuminate\\Foundation\\Application->handleCommand()
#39 {main}
"} 
[2024-12-22 15:58:49] local.ERROR: SQLSTATE[HY000] [1045] Access denied for user 'root'@'localhost' (using password: NO) (Connection: mysql, SQL: select exists (select 1 from information_schema.tables where table_schema = 'rats' and table_name = 'migrations' and table_type in ('BASE TABLE', 'SYSTEM VERSIONED')) as `exists`) {"exception":"[object] (Illuminate\\Database\\QueryException(code: 1045): SQLSTATE[HY000] [1045] Access denied for user 'root'@'localhost' (using password: NO) (Connection: mysql, SQL: select exists (select 1 from information_schema.tables where table_schema = 'rats' and table_name = 'migrations' and table_type in ('BASE TABLE', 'SYSTEM VERSIONED')) as `exists`) at /mnt/diskD/BELAJAR/CODING/MAIN/PROJECT/rats-backend/api/vendor/laravel/framework/src/Illuminate/Database/Connection.php:825)
[stacktrace]
#0 /mnt/diskD/BELAJAR/CODING/MAIN/PROJECT/rats-backend/api/vendor/laravel/framework/src/Illuminate/Database/Connection.php(779): Illuminate\\Database\\Connection->runQueryCallback()
#1 /mnt/diskD/BELAJAR/CODING/MAIN/PROJECT/rats-backend/api/vendor/laravel/framework/src/Illuminate/Database/Connection.php(398): Illuminate\\Database\\Connection->run()
#2 /mnt/diskD/BELAJAR/CODING/MAIN/PROJECT/rats-backend/api/vendor/laravel/framework/src/Illuminate/Database/Connection.php(344): Illuminate\\Database\\Connection->select()
#3 /mnt/diskD/BELAJAR/CODING/MAIN/PROJECT/rats-backend/api/vendor/laravel/framework/src/Illuminate/Database/Connection.php(361): Illuminate\\Database\\Connection->selectOne()
#4 /mnt/diskD/BELAJAR/CODING/MAIN/PROJECT/rats-backend/api/vendor/laravel/framework/src/Illuminate/Database/Schema/MySqlBuilder.php(45): Illuminate\\Database\\Connection->scalar()
#5 /mnt/diskD/BELAJAR/CODING/MAIN/PROJECT/rats-backend/api/vendor/laravel/framework/src/Illuminate/Database/Migrations/DatabaseMigrationRepository.php(184): Illuminate\\Database\\Schema\\MySqlBuilder->hasTable()
#6 /mnt/diskD/BELAJAR/CODING/MAIN/PROJECT/rats-backend/api/vendor/laravel/framework/src/Illuminate/Database/Migrations/Migrator.php(681): Illuminate\\Database\\Migrations\\DatabaseMigrationRepository->repositoryExists()
#7 /mnt/diskD/BELAJAR/CODING/MAIN/PROJECT/rats-backend/api/vendor/laravel/framework/src/Illuminate/Database/Console/Migrations/MigrateCommand.php(164): Illuminate\\Database\\Migrations\\Migrator->repositoryExists()
#8 /mnt/diskD/BELAJAR/CODING/MAIN/PROJECT/rats-backend/api/vendor/laravel/framework/src/Illuminate/Support/helpers.php(319): Illuminate\\Database\\Console\\Migrations\\MigrateCommand->Illuminate\\Database\\Console\\Migrations\\{closure}()
#9 /mnt/diskD/BELAJAR/CODING/MAIN/PROJECT/rats-backend/api/vendor/laravel/framework/src/Illuminate/Database/Console/Migrations/MigrateCommand.php(164): retry()
#10 /mnt/diskD/BELAJAR/CODING/MAIN/PROJECT/rats-backend/api/vendor/laravel/framework/src/Illuminate/Database/Console/Migrations/MigrateCommand.php(140): Illuminate\\Database\\Console\\Migrations\\MigrateCommand->repositoryExists()
#11 /mnt/diskD/BELAJAR/CODING/MAIN/PROJECT/rats-backend/api/vendor/laravel/framework/src/Illuminate/Database/Console/Migrations/MigrateCommand.php(110): Illuminate\\Database\\Console\\Migrations\\MigrateCommand->prepareDatabase()
#12 /mnt/diskD/BELAJAR/CODING/MAIN/PROJECT/rats-backend/api/vendor/laravel/framework/src/Illuminate/Database/Migrations/Migrator.php(616): Illuminate\\Database\\Console\\Migrations\\MigrateCommand->Illuminate\\Database\\Console\\Migrations\\{closure}()
#13 /mnt/diskD/BELAJAR/CODING/MAIN/PROJECT/rats-backend/api/vendor/laravel/framework/src/Illuminate/Database/Console/Migrations/MigrateCommand.php(109): Illuminate\\Database\\Migrations\\Migrator->usingConnection()
#14 /mnt/diskD/BELAJAR/CODING/MAIN/PROJECT/rats-backend/api/vendor/laravel/framework/src/Illuminate/Database/Console/Migrations/MigrateCommand.php(88): Illuminate\\Database\\Console\\Migrations\\MigrateCommand->runMigrations()
#15 /mnt/diskD/BELAJAR/CODING/MAIN/PROJECT/rats-backend/api/vendor/laravel/framework/src/Illuminate/Container/BoundMethod.php(36): Illuminate\\Database\\Console\\Migrations\\MigrateCommand->handle()
#16 /mnt/diskD/BELAJAR/CODING/MAIN/PROJECT/rats-backend/api/vendor/laravel/framework/src/Illuminate/Container/Util.php(43): Illuminate\\Container\\BoundMethod::Illuminate\\Container\\{closure}()
#17 /mnt/diskD/BELAJAR/CODING/MAIN/PROJECT/rats-backend/api/vendor/laravel/framework/src/Illuminate/Container/BoundMethod.php(95): Illuminate\\Container\\Util::unwrapIfClosure()
#18 /mnt/diskD/BELAJAR/CODING/MAIN/PROJECT/rats-backend/api/vendor/laravel/framework/src/Illuminate/Container/BoundMethod.php(35): Illuminate\\Container\\BoundMethod::callBoundMethod()
#19 /mnt/diskD/BELAJAR/CODING/MAIN/PROJECT/rats-backend/api/vendor/laravel/framework/src/Illuminate/Container/Container.php(690): Illuminate\\Container\\BoundMethod::call()
#20 /mnt/diskD/BELAJAR/CODING/MAIN/PROJECT/rats-backend/api/vendor/laravel/framework/src/Illuminate/Console/Command.php(213): Illuminate\\Container\\Container->call()
#21 /mnt/diskD/BELAJAR/CODING/MAIN/PROJECT/rats-backend/api/vendor/symfony/console/Command/Command.php(279): Illuminate\\Console\\Command->execute()
#22 /mnt/diskD/BELAJAR/CODING/MAIN/PROJECT/rats-backend/api/vendor/laravel/framework/src/Illuminate/Console/Command.php(182): Symfony\\Component\\Console\\Command\\Command->run()
#23 /mnt/diskD/BELAJAR/CODING/MAIN/PROJECT/rats-backend/api/vendor/symfony/console/Application.php(1047): Illuminate\\Console\\Command->run()
#24 /mnt/diskD/BELAJAR/CODING/MAIN/PROJECT/rats-backend/api/vendor/symfony/console/Application.php(316): Symfony\\Component\\Console\\Application->doRunCommand()
#25 /mnt/diskD/BELAJAR/CODING/MAIN/PROJECT/rats-backend/api/vendor/symfony/console/Application.php(167): Symfony\\Component\\Console\\Application->doRun()
#26 /mnt/diskD/BELAJAR/CODING/MAIN/PROJECT/rats-backend/api/vendor/laravel/framework/src/Illuminate/Foundation/Console/Kernel.php(197): Symfony\\Component\\Console\\Application->run()
#27 /mnt/diskD/BELAJAR/CODING/MAIN/PROJECT/rats-backend/api/vendor/laravel/framework/src/Illuminate/Foundation/Application.php(1205): Illuminate\\Foundation\\Console\\Kernel->handle()
#28 /mnt/diskD/BELAJAR/CODING/MAIN/PROJECT/rats-backend/api/artisan(13): Illuminate\\Foundation\\Application->handleCommand()
#29 {main}

[previous exception] [object] (PDOException(code: 1045): SQLSTATE[HY000] [1045] Access denied for user 'root'@'localhost' (using password: NO) at /mnt/diskD/BELAJAR/CODING/MAIN/PROJECT/rats-backend/api/vendor/laravel/framework/src/Illuminate/Database/Connectors/Connector.php:66)
[stacktrace]
#0 /mnt/diskD/BELAJAR/CODING/MAIN/PROJECT/rats-backend/api/vendor/laravel/framework/src/Illuminate/Database/Connectors/Connector.php(66): PDO->__construct()
#1 /mnt/diskD/BELAJAR/CODING/MAIN/PROJECT/rats-backend/api/vendor/laravel/framework/src/Illuminate/Database/Connectors/Connector.php(44): Illuminate\\Database\\Connectors\\Connector->createPdoConnection()
#2 /mnt/diskD/BELAJAR/CODING/MAIN/PROJECT/rats-backend/api/vendor/laravel/framework/src/Illuminate/Database/Connectors/MySqlConnector.php(24): Illuminate\\Database\\Connectors\\Connector->createConnection()
#3 /mnt/diskD/BELAJAR/CODING/MAIN/PROJECT/rats-backend/api/vendor/laravel/framework/src/Illuminate/Database/Connectors/ConnectionFactory.php(185): Illuminate\\Database\\Connectors\\MySqlConnector->connect()
#4 [internal function]: Illuminate\\Database\\Connectors\\ConnectionFactory->Illuminate\\Database\\Connectors\\{closure}()
#5 /mnt/diskD/BELAJAR/CODING/MAIN/PROJECT/rats-backend/api/vendor/laravel/framework/src/Illuminate/Database/Connection.php(1231): call_user_func()
#6 /mnt/diskD/BELAJAR/CODING/MAIN/PROJECT/rats-backend/api/vendor/laravel/framework/src/Illuminate/Database/Connection.php(1267): Illuminate\\Database\\Connection->getPdo()
#7 /mnt/diskD/BELAJAR/CODING/MAIN/PROJECT/rats-backend/api/vendor/laravel/framework/src/Illuminate/Database/Connection.php(512): Illuminate\\Database\\Connection->getReadPdo()
#8 /mnt/diskD/BELAJAR/CODING/MAIN/PROJECT/rats-backend/api/vendor/laravel/framework/src/Illuminate/Database/Connection.php(407): Illuminate\\Database\\Connection->getPdoForSelect()
#9 /mnt/diskD/BELAJAR/CODING/MAIN/PROJECT/rats-backend/api/vendor/laravel/framework/src/Illuminate/Database/Connection.php(812): Illuminate\\Database\\Connection->Illuminate\\Database\\{closure}()
#10 /mnt/diskD/BELAJAR/CODING/MAIN/PROJECT/rats-backend/api/vendor/laravel/framework/src/Illuminate/Database/Connection.php(779): Illuminate\\Database\\Connection->runQueryCallback()
#11 /mnt/diskD/BELAJAR/CODING/MAIN/PROJECT/rats-backend/api/vendor/laravel/framework/src/Illuminate/Database/Connection.php(398): Illuminate\\Database\\Connection->run()
#12 /mnt/diskD/BELAJAR/CODING/MAIN/PROJECT/rats-backend/api/vendor/laravel/framework/src/Illuminate/Database/Connection.php(344): Illuminate\\Database\\Connection->select()
#13 /mnt/diskD/BELAJAR/CODING/MAIN/PROJECT/rats-backend/api/vendor/laravel/framework/src/Illuminate/Database/Connection.php(361): Illuminate\\Database\\Connection->selectOne()
#14 /mnt/diskD/BELAJAR/CODING/MAIN/PROJECT/rats-backend/api/vendor/laravel/framework/src/Illuminate/Database/Schema/MySqlBuilder.php(45): Illuminate\\Database\\Connection->scalar()
#15 /mnt/diskD/BELAJAR/CODING/MAIN/PROJECT/rats-backend/api/vendor/laravel/framework/src/Illuminate/Database/Migrations/DatabaseMigrationRepository.php(184): Illuminate\\Database\\Schema\\MySqlBuilder->hasTable()
#16 /mnt/diskD/BELAJAR/CODING/MAIN/PROJECT/rats-backend/api/vendor/laravel/framework/src/Illuminate/Database/Migrations/Migrator.php(681): Illuminate\\Database\\Migrations\\DatabaseMigrationRepository->repositoryExists()
#17 /mnt/diskD/BELAJAR/CODING/MAIN/PROJECT/rats-backend/api/vendor/laravel/framework/src/Illuminate/Database/Console/Migrations/MigrateCommand.php(164): Illuminate\\Database\\Migrations\\Migrator->repositoryExists()
#18 /mnt/diskD/BELAJAR/CODING/MAIN/PROJECT/rats-backend/api/vendor/laravel/framework/src/Illuminate/Support/helpers.php(319): Illuminate\\Database\\Console\\Migrations\\MigrateCommand->Illuminate\\Database\\Console\\Migrations\\{closure}()
#19 /mnt/diskD/BELAJAR/CODING/MAIN/PROJECT/rats-backend/api/vendor/laravel/framework/src/Illuminate/Database/Console/Migrations/MigrateCommand.php(164): retry()
#20 /mnt/diskD/BELAJAR/CODING/MAIN/PROJECT/rats-backend/api/vendor/laravel/framework/src/Illuminate/Database/Console/Migrations/MigrateCommand.php(140): Illuminate\\Database\\Console\\Migrations\\MigrateCommand->repositoryExists()
#21 /mnt/diskD/BELAJAR/CODING/MAIN/PROJECT/rats-backend/api/vendor/laravel/framework/src/Illuminate/Database/Console/Migrations/MigrateCommand.php(110): Illuminate\\Database\\Console\\Migrations\\MigrateCommand->prepareDatabase()
#22 /mnt/diskD/BELAJAR/CODING/MAIN/PROJECT/rats-backend/api/vendor/laravel/framework/src/Illuminate/Database/Migrations/Migrator.php(616): Illuminate\\Database\\Console\\Migrations\\MigrateCommand->Illuminate\\Database\\Console\\Migrations\\{closure}()
#23 /mnt/diskD/BELAJAR/CODING/MAIN/PROJECT/rats-backend/api/vendor/laravel/framework/src/Illuminate/Database/Console/Migrations/MigrateCommand.php(109): Illuminate\\Database\\Migrations\\Migrator->usingConnection()
#24 /mnt/diskD/BELAJAR/CODING/MAIN/PROJECT/rats-backend/api/vendor/laravel/framework/src/Illuminate/Database/Console/Migrations/MigrateCommand.php(88): Illuminate\\Database\\Console\\Migrations\\MigrateCommand->runMigrations()
#25 /mnt/diskD/BELAJAR/CODING/MAIN/PROJECT/rats-backend/api/vendor/laravel/framework/src/Illuminate/Container/BoundMethod.php(36): Illuminate\\Database\\Console\\Migrations\\MigrateCommand->handle()
#26 /mnt/diskD/BELAJAR/CODING/MAIN/PROJECT/rats-backend/api/vendor/laravel/framework/src/Illuminate/Container/Util.php(43): Illuminate\\Container\\BoundMethod::Illuminate\\Container\\{closure}()
#27 /mnt/diskD/BELAJAR/CODING/MAIN/PROJECT/rats-backend/api/vendor/laravel/framework/src/Illuminate/Container/BoundMethod.php(95): Illuminate\\Container\\Util::unwrapIfClosure()
#28 /mnt/diskD/BELAJAR/CODING/MAIN/PROJECT/rats-backend/api/vendor/laravel/framework/src/Illuminate/Container/BoundMethod.php(35): Illuminate\\Container\\BoundMethod::callBoundMethod()
#29 /mnt/diskD/BELAJAR/CODING/MAIN/PROJECT/rats-backend/api/vendor/laravel/framework/src/Illuminate/Container/Container.php(690): Illuminate\\Container\\BoundMethod::call()
#30 /mnt/diskD/BELAJAR/CODING/MAIN/PROJECT/rats-backend/api/vendor/laravel/framework/src/Illuminate/Console/Command.php(213): Illuminate\\Container\\Container->call()
#31 /mnt/diskD/BELAJAR/CODING/MAIN/PROJECT/rats-backend/api/vendor/symfony/console/Command/Command.php(279): Illuminate\\Console\\Command->execute()
#32 /mnt/diskD/BELAJAR/CODING/MAIN/PROJECT/rats-backend/api/vendor/laravel/framework/src/Illuminate/Console/Command.php(182): Symfony\\Component\\Console\\Command\\Command->run()
#33 /mnt/diskD/BELAJAR/CODING/MAIN/PROJECT/rats-backend/api/vendor/symfony/console/Application.php(1047): Illuminate\\Console\\Command->run()
#34 /mnt/diskD/BELAJAR/CODING/MAIN/PROJECT/rats-backend/api/vendor/symfony/console/Application.php(316): Symfony\\Component\\Console\\Application->doRunCommand()
#35 /mnt/diskD/BELAJAR/CODING/MAIN/PROJECT/rats-backend/api/vendor/symfony/console/Application.php(167): Symfony\\Component\\Console\\Application->doRun()
#36 /mnt/diskD/BELAJAR/CODING/MAIN/PROJECT/rats-backend/api/vendor/laravel/framework/src/Illuminate/Foundation/Console/Kernel.php(197): Symfony\\Component\\Console\\Application->run()
#37 /mnt/diskD/BELAJAR/CODING/MAIN/PROJECT/rats-backend/api/vendor/laravel/framework/src/Illuminate/Foundation/Application.php(1205): Illuminate\\Foundation\\Console\\Kernel->handle()
#38 /mnt/diskD/BELAJAR/CODING/MAIN/PROJECT/rats-backend/api/artisan(13): Illuminate\\Foundation\\Application->handleCommand()
#39 {main}
"} 
[2024-12-22 15:59:41] local.ERROR: SQLSTATE[HY000] [1045] Access denied for user 'root'@'localhost' (using password: NO) (Connection: mysql, SQL: select exists (select 1 from information_schema.tables where table_schema = 'rats' and table_name = 'migrations' and table_type in ('BASE TABLE', 'SYSTEM VERSIONED')) as `exists`) {"exception":"[object] (Illuminate\\Database\\QueryException(code: 1045): SQLSTATE[HY000] [1045] Access denied for user 'root'@'localhost' (using password: NO) (Connection: mysql, SQL: select exists (select 1 from information_schema.tables where table_schema = 'rats' and table_name = 'migrations' and table_type in ('BASE TABLE', 'SYSTEM VERSIONED')) as `exists`) at /mnt/diskD/BELAJAR/CODING/MAIN/PROJECT/rats-backend/api/vendor/laravel/framework/src/Illuminate/Database/Connection.php:825)
[stacktrace]
#0 /mnt/diskD/BELAJAR/CODING/MAIN/PROJECT/rats-backend/api/vendor/laravel/framework/src/Illuminate/Database/Connection.php(779): Illuminate\\Database\\Connection->runQueryCallback()
#1 /mnt/diskD/BELAJAR/CODING/MAIN/PROJECT/rats-backend/api/vendor/laravel/framework/src/Illuminate/Database/Connection.php(398): Illuminate\\Database\\Connection->run()
#2 /mnt/diskD/BELAJAR/CODING/MAIN/PROJECT/rats-backend/api/vendor/laravel/framework/src/Illuminate/Database/Connection.php(344): Illuminate\\Database\\Connection->select()
#3 /mnt/diskD/BELAJAR/CODING/MAIN/PROJECT/rats-backend/api/vendor/laravel/framework/src/Illuminate/Database/Connection.php(361): Illuminate\\Database\\Connection->selectOne()
#4 /mnt/diskD/BELAJAR/CODING/MAIN/PROJECT/rats-backend/api/vendor/laravel/framework/src/Illuminate/Database/Schema/MySqlBuilder.php(45): Illuminate\\Database\\Connection->scalar()
#5 /mnt/diskD/BELAJAR/CODING/MAIN/PROJECT/rats-backend/api/vendor/laravel/framework/src/Illuminate/Database/Migrations/DatabaseMigrationRepository.php(184): Illuminate\\Database\\Schema\\MySqlBuilder->hasTable()
#6 /mnt/diskD/BELAJAR/CODING/MAIN/PROJECT/rats-backend/api/vendor/laravel/framework/src/Illuminate/Database/Migrations/Migrator.php(681): Illuminate\\Database\\Migrations\\DatabaseMigrationRepository->repositoryExists()
#7 /mnt/diskD/BELAJAR/CODING/MAIN/PROJECT/rats-backend/api/vendor/laravel/framework/src/Illuminate/Database/Console/Migrations/MigrateCommand.php(164): Illuminate\\Database\\Migrations\\Migrator->repositoryExists()
#8 /mnt/diskD/BELAJAR/CODING/MAIN/PROJECT/rats-backend/api/vendor/laravel/framework/src/Illuminate/Support/helpers.php(319): Illuminate\\Database\\Console\\Migrations\\MigrateCommand->Illuminate\\Database\\Console\\Migrations\\{closure}()
#9 /mnt/diskD/BELAJAR/CODING/MAIN/PROJECT/rats-backend/api/vendor/laravel/framework/src/Illuminate/Database/Console/Migrations/MigrateCommand.php(164): retry()
#10 /mnt/diskD/BELAJAR/CODING/MAIN/PROJECT/rats-backend/api/vendor/laravel/framework/src/Illuminate/Database/Console/Migrations/MigrateCommand.php(140): Illuminate\\Database\\Console\\Migrations\\MigrateCommand->repositoryExists()
#11 /mnt/diskD/BELAJAR/CODING/MAIN/PROJECT/rats-backend/api/vendor/laravel/framework/src/Illuminate/Database/Console/Migrations/MigrateCommand.php(110): Illuminate\\Database\\Console\\Migrations\\MigrateCommand->prepareDatabase()
#12 /mnt/diskD/BELAJAR/CODING/MAIN/PROJECT/rats-backend/api/vendor/laravel/framework/src/Illuminate/Database/Migrations/Migrator.php(616): Illuminate\\Database\\Console\\Migrations\\MigrateCommand->Illuminate\\Database\\Console\\Migrations\\{closure}()
#13 /mnt/diskD/BELAJAR/CODING/MAIN/PROJECT/rats-backend/api/vendor/laravel/framework/src/Illuminate/Database/Console/Migrations/MigrateCommand.php(109): Illuminate\\Database\\Migrations\\Migrator->usingConnection()
#14 /mnt/diskD/BELAJAR/CODING/MAIN/PROJECT/rats-backend/api/vendor/laravel/framework/src/Illuminate/Database/Console/Migrations/MigrateCommand.php(88): Illuminate\\Database\\Console\\Migrations\\MigrateCommand->runMigrations()
#15 /mnt/diskD/BELAJAR/CODING/MAIN/PROJECT/rats-backend/api/vendor/laravel/framework/src/Illuminate/Container/BoundMethod.php(36): Illuminate\\Database\\Console\\Migrations\\MigrateCommand->handle()
#16 /mnt/diskD/BELAJAR/CODING/MAIN/PROJECT/rats-backend/api/vendor/laravel/framework/src/Illuminate/Container/Util.php(43): Illuminate\\Container\\BoundMethod::Illuminate\\Container\\{closure}()
#17 /mnt/diskD/BELAJAR/CODING/MAIN/PROJECT/rats-backend/api/vendor/laravel/framework/src/Illuminate/Container/BoundMethod.php(95): Illuminate\\Container\\Util::unwrapIfClosure()
#18 /mnt/diskD/BELAJAR/CODING/MAIN/PROJECT/rats-backend/api/vendor/laravel/framework/src/Illuminate/Container/BoundMethod.php(35): Illuminate\\Container\\BoundMethod::callBoundMethod()
#19 /mnt/diskD/BELAJAR/CODING/MAIN/PROJECT/rats-backend/api/vendor/laravel/framework/src/Illuminate/Container/Container.php(690): Illuminate\\Container\\BoundMethod::call()
#20 /mnt/diskD/BELAJAR/CODING/MAIN/PROJECT/rats-backend/api/vendor/laravel/framework/src/Illuminate/Console/Command.php(213): Illuminate\\Container\\Container->call()
#21 /mnt/diskD/BELAJAR/CODING/MAIN/PROJECT/rats-backend/api/vendor/symfony/console/Command/Command.php(279): Illuminate\\Console\\Command->execute()
#22 /mnt/diskD/BELAJAR/CODING/MAIN/PROJECT/rats-backend/api/vendor/laravel/framework/src/Illuminate/Console/Command.php(182): Symfony\\Component\\Console\\Command\\Command->run()
#23 /mnt/diskD/BELAJAR/CODING/MAIN/PROJECT/rats-backend/api/vendor/symfony/console/Application.php(1047): Illuminate\\Console\\Command->run()
#24 /mnt/diskD/BELAJAR/CODING/MAIN/PROJECT/rats-backend/api/vendor/symfony/console/Application.php(316): Symfony\\Component\\Console\\Application->doRunCommand()
#25 /mnt/diskD/BELAJAR/CODING/MAIN/PROJECT/rats-backend/api/vendor/symfony/console/Application.php(167): Symfony\\Component\\Console\\Application->doRun()
#26 /mnt/diskD/BELAJAR/CODING/MAIN/PROJECT/rats-backend/api/vendor/laravel/framework/src/Illuminate/Foundation/Console/Kernel.php(197): Symfony\\Component\\Console\\Application->run()
#27 /mnt/diskD/BELAJAR/CODING/MAIN/PROJECT/rats-backend/api/vendor/laravel/framework/src/Illuminate/Foundation/Application.php(1205): Illuminate\\Foundation\\Console\\Kernel->handle()
#28 /mnt/diskD/BELAJAR/CODING/MAIN/PROJECT/rats-backend/api/artisan(13): Illuminate\\Foundation\\Application->handleCommand()
#29 {main}

[previous exception] [object] (PDOException(code: 1045): SQLSTATE[HY000] [1045] Access denied for user 'root'@'localhost' (using password: NO) at /mnt/diskD/BELAJAR/CODING/MAIN/PROJECT/rats-backend/api/vendor/laravel/framework/src/Illuminate/Database/Connectors/Connector.php:66)
[stacktrace]
#0 /mnt/diskD/BELAJAR/CODING/MAIN/PROJECT/rats-backend/api/vendor/laravel/framework/src/Illuminate/Database/Connectors/Connector.php(66): PDO->__construct()
#1 /mnt/diskD/BELAJAR/CODING/MAIN/PROJECT/rats-backend/api/vendor/laravel/framework/src/Illuminate/Database/Connectors/Connector.php(44): Illuminate\\Database\\Connectors\\Connector->createPdoConnection()
#2 /mnt/diskD/BELAJAR/CODING/MAIN/PROJECT/rats-backend/api/vendor/laravel/framework/src/Illuminate/Database/Connectors/MySqlConnector.php(24): Illuminate\\Database\\Connectors\\Connector->createConnection()
#3 /mnt/diskD/BELAJAR/CODING/MAIN/PROJECT/rats-backend/api/vendor/laravel/framework/src/Illuminate/Database/Connectors/ConnectionFactory.php(185): Illuminate\\Database\\Connectors\\MySqlConnector->connect()
#4 [internal function]: Illuminate\\Database\\Connectors\\ConnectionFactory->Illuminate\\Database\\Connectors\\{closure}()
#5 /mnt/diskD/BELAJAR/CODING/MAIN/PROJECT/rats-backend/api/vendor/laravel/framework/src/Illuminate/Database/Connection.php(1231): call_user_func()
#6 /mnt/diskD/BELAJAR/CODING/MAIN/PROJECT/rats-backend/api/vendor/laravel/framework/src/Illuminate/Database/Connection.php(1267): Illuminate\\Database\\Connection->getPdo()
#7 /mnt/diskD/BELAJAR/CODING/MAIN/PROJECT/rats-backend/api/vendor/laravel/framework/src/Illuminate/Database/Connection.php(512): Illuminate\\Database\\Connection->getReadPdo()
#8 /mnt/diskD/BELAJAR/CODING/MAIN/PROJECT/rats-backend/api/vendor/laravel/framework/src/Illuminate/Database/Connection.php(407): Illuminate\\Database\\Connection->getPdoForSelect()
#9 /mnt/diskD/BELAJAR/CODING/MAIN/PROJECT/rats-backend/api/vendor/laravel/framework/src/Illuminate/Database/Connection.php(812): Illuminate\\Database\\Connection->Illuminate\\Database\\{closure}()
#10 /mnt/diskD/BELAJAR/CODING/MAIN/PROJECT/rats-backend/api/vendor/laravel/framework/src/Illuminate/Database/Connection.php(779): Illuminate\\Database\\Connection->runQueryCallback()
#11 /mnt/diskD/BELAJAR/CODING/MAIN/PROJECT/rats-backend/api/vendor/laravel/framework/src/Illuminate/Database/Connection.php(398): Illuminate\\Database\\Connection->run()
#12 /mnt/diskD/BELAJAR/CODING/MAIN/PROJECT/rats-backend/api/vendor/laravel/framework/src/Illuminate/Database/Connection.php(344): Illuminate\\Database\\Connection->select()
#13 /mnt/diskD/BELAJAR/CODING/MAIN/PROJECT/rats-backend/api/vendor/laravel/framework/src/Illuminate/Database/Connection.php(361): Illuminate\\Database\\Connection->selectOne()
#14 /mnt/diskD/BELAJAR/CODING/MAIN/PROJECT/rats-backend/api/vendor/laravel/framework/src/Illuminate/Database/Schema/MySqlBuilder.php(45): Illuminate\\Database\\Connection->scalar()
#15 /mnt/diskD/BELAJAR/CODING/MAIN/PROJECT/rats-backend/api/vendor/laravel/framework/src/Illuminate/Database/Migrations/DatabaseMigrationRepository.php(184): Illuminate\\Database\\Schema\\MySqlBuilder->hasTable()
#16 /mnt/diskD/BELAJAR/CODING/MAIN/PROJECT/rats-backend/api/vendor/laravel/framework/src/Illuminate/Database/Migrations/Migrator.php(681): Illuminate\\Database\\Migrations\\DatabaseMigrationRepository->repositoryExists()
#17 /mnt/diskD/BELAJAR/CODING/MAIN/PROJECT/rats-backend/api/vendor/laravel/framework/src/Illuminate/Database/Console/Migrations/MigrateCommand.php(164): Illuminate\\Database\\Migrations\\Migrator->repositoryExists()
#18 /mnt/diskD/BELAJAR/CODING/MAIN/PROJECT/rats-backend/api/vendor/laravel/framework/src/Illuminate/Support/helpers.php(319): Illuminate\\Database\\Console\\Migrations\\MigrateCommand->Illuminate\\Database\\Console\\Migrations\\{closure}()
#19 /mnt/diskD/BELAJAR/CODING/MAIN/PROJECT/rats-backend/api/vendor/laravel/framework/src/Illuminate/Database/Console/Migrations/MigrateCommand.php(164): retry()
#20 /mnt/diskD/BELAJAR/CODING/MAIN/PROJECT/rats-backend/api/vendor/laravel/framework/src/Illuminate/Database/Console/Migrations/MigrateCommand.php(140): Illuminate\\Database\\Console\\Migrations\\MigrateCommand->repositoryExists()
#21 /mnt/diskD/BELAJAR/CODING/MAIN/PROJECT/rats-backend/api/vendor/laravel/framework/src/Illuminate/Database/Console/Migrations/MigrateCommand.php(110): Illuminate\\Database\\Console\\Migrations\\MigrateCommand->prepareDatabase()
#22 /mnt/diskD/BELAJAR/CODING/MAIN/PROJECT/rats-backend/api/vendor/laravel/framework/src/Illuminate/Database/Migrations/Migrator.php(616): Illuminate\\Database\\Console\\Migrations\\MigrateCommand->Illuminate\\Database\\Console\\Migrations\\{closure}()
#23 /mnt/diskD/BELAJAR/CODING/MAIN/PROJECT/rats-backend/api/vendor/laravel/framework/src/Illuminate/Database/Console/Migrations/MigrateCommand.php(109): Illuminate\\Database\\Migrations\\Migrator->usingConnection()
#24 /mnt/diskD/BELAJAR/CODING/MAIN/PROJECT/rats-backend/api/vendor/laravel/framework/src/Illuminate/Database/Console/Migrations/MigrateCommand.php(88): Illuminate\\Database\\Console\\Migrations\\MigrateCommand->runMigrations()
#25 /mnt/diskD/BELAJAR/CODING/MAIN/PROJECT/rats-backend/api/vendor/laravel/framework/src/Illuminate/Container/BoundMethod.php(36): Illuminate\\Database\\Console\\Migrations\\MigrateCommand->handle()
#26 /mnt/diskD/BELAJAR/CODING/MAIN/PROJECT/rats-backend/api/vendor/laravel/framework/src/Illuminate/Container/Util.php(43): Illuminate\\Container\\BoundMethod::Illuminate\\Container\\{closure}()
#27 /mnt/diskD/BELAJAR/CODING/MAIN/PROJECT/rats-backend/api/vendor/laravel/framework/src/Illuminate/Container/BoundMethod.php(95): Illuminate\\Container\\Util::unwrapIfClosure()
#28 /mnt/diskD/BELAJAR/CODING/MAIN/PROJECT/rats-backend/api/vendor/laravel/framework/src/Illuminate/Container/BoundMethod.php(35): Illuminate\\Container\\BoundMethod::callBoundMethod()
#29 /mnt/diskD/BELAJAR/CODING/MAIN/PROJECT/rats-backend/api/vendor/laravel/framework/src/Illuminate/Container/Container.php(690): Illuminate\\Container\\BoundMethod::call()
#30 /mnt/diskD/BELAJAR/CODING/MAIN/PROJECT/rats-backend/api/vendor/laravel/framework/src/Illuminate/Console/Command.php(213): Illuminate\\Container\\Container->call()
#31 /mnt/diskD/BELAJAR/CODING/MAIN/PROJECT/rats-backend/api/vendor/symfony/console/Command/Command.php(279): Illuminate\\Console\\Command->execute()
#32 /mnt/diskD/BELAJAR/CODING/MAIN/PROJECT/rats-backend/api/vendor/laravel/framework/src/Illuminate/Console/Command.php(182): Symfony\\Component\\Console\\Command\\Command->run()
#33 /mnt/diskD/BELAJAR/CODING/MAIN/PROJECT/rats-backend/api/vendor/symfony/console/Application.php(1047): Illuminate\\Console\\Command->run()
#34 /mnt/diskD/BELAJAR/CODING/MAIN/PROJECT/rats-backend/api/vendor/symfony/console/Application.php(316): Symfony\\Component\\Console\\Application->doRunCommand()
#35 /mnt/diskD/BELAJAR/CODING/MAIN/PROJECT/rats-backend/api/vendor/symfony/console/Application.php(167): Symfony\\Component\\Console\\Application->doRun()
#36 /mnt/diskD/BELAJAR/CODING/MAIN/PROJECT/rats-backend/api/vendor/laravel/framework/src/Illuminate/Foundation/Console/Kernel.php(197): Symfony\\Component\\Console\\Application->run()
#37 /mnt/diskD/BELAJAR/CODING/MAIN/PROJECT/rats-backend/api/vendor/laravel/framework/src/Illuminate/Foundation/Application.php(1205): Illuminate\\Foundation\\Console\\Kernel->handle()
#38 /mnt/diskD/BELAJAR/CODING/MAIN/PROJECT/rats-backend/api/artisan(13): Illuminate\\Foundation\\Application->handleCommand()
#39 {main}
"} 
[2024-12-22 16:04:16] local.ERROR: No arguments expected for "optimize" command, got "clear". {"exception":"[object] (Symfony\\Component\\Console\\Exception\\RuntimeException(code: 0): No arguments expected for \"optimize\" command, got \"clear\". at /mnt/diskD/BELAJAR/CODING/MAIN/PROJECT/rats-backend/api/vendor/symfony/console/Input/ArgvInput.php:193)
[stacktrace]
#0 /mnt/diskD/BELAJAR/CODING/MAIN/PROJECT/rats-backend/api/vendor/symfony/console/Input/ArgvInput.php(86): Symfony\\Component\\Console\\Input\\ArgvInput->parseArgument()
#1 /mnt/diskD/BELAJAR/CODING/MAIN/PROJECT/rats-backend/api/vendor/symfony/console/Input/ArgvInput.php(71): Symfony\\Component\\Console\\Input\\ArgvInput->parseToken()
#2 /mnt/diskD/BELAJAR/CODING/MAIN/PROJECT/rats-backend/api/vendor/symfony/console/Input/Input.php(53): Symfony\\Component\\Console\\Input\\ArgvInput->parse()
#3 /mnt/diskD/BELAJAR/CODING/MAIN/PROJECT/rats-backend/api/vendor/symfony/console/Command/Command.php(238): Symfony\\Component\\Console\\Input\\Input->bind()
#4 /mnt/diskD/BELAJAR/CODING/MAIN/PROJECT/rats-backend/api/vendor/laravel/framework/src/Illuminate/Console/Command.php(182): Symfony\\Component\\Console\\Command\\Command->run()
#5 /mnt/diskD/BELAJAR/CODING/MAIN/PROJECT/rats-backend/api/vendor/symfony/console/Application.php(1047): Illuminate\\Console\\Command->run()
#6 /mnt/diskD/BELAJAR/CODING/MAIN/PROJECT/rats-backend/api/vendor/symfony/console/Application.php(316): Symfony\\Component\\Console\\Application->doRunCommand()
#7 /mnt/diskD/BELAJAR/CODING/MAIN/PROJECT/rats-backend/api/vendor/symfony/console/Application.php(167): Symfony\\Component\\Console\\Application->doRun()
#8 /mnt/diskD/BELAJAR/CODING/MAIN/PROJECT/rats-backend/api/vendor/laravel/framework/src/Illuminate/Foundation/Console/Kernel.php(197): Symfony\\Component\\Console\\Application->run()
#9 /mnt/diskD/BELAJAR/CODING/MAIN/PROJECT/rats-backend/api/vendor/laravel/framework/src/Illuminate/Foundation/Application.php(1205): Illuminate\\Foundation\\Console\\Kernel->handle()
#10 /mnt/diskD/BELAJAR/CODING/MAIN/PROJECT/rats-backend/api/artisan(13): Illuminate\\Foundation\\Application->handleCommand()
#11 {main}
"} 
[2024-12-22 16:04:22] local.ERROR: The "D:\BELAJAR\CODING\Rats\backend\api\resources\views" directory does not exist. {"exception":"[object] (Symfony\\Component\\Finder\\Exception\\DirectoryNotFoundException(code: 0): The \"D:\\BELAJAR\\CODING\\Rats\\backend\\api\\resources\\views\" directory does not exist. at /mnt/diskD/BELAJAR/CODING/MAIN/PROJECT/rats-backend/api/vendor/symfony/finder/Finder.php:646)
[stacktrace]
#0 /mnt/diskD/BELAJAR/CODING/MAIN/PROJECT/rats-backend/api/vendor/laravel/framework/src/Illuminate/Foundation/Console/ViewCacheCommand.php(88): Symfony\\Component\\Finder\\Finder->in()
#1 /mnt/diskD/BELAJAR/CODING/MAIN/PROJECT/rats-backend/api/vendor/laravel/framework/src/Illuminate/Foundation/Console/ViewCacheCommand.php(43): Illuminate\\Foundation\\Console\\ViewCacheCommand->bladeFilesIn()
#2 /mnt/diskD/BELAJAR/CODING/MAIN/PROJECT/rats-backend/api/vendor/laravel/framework/src/Illuminate/Collections/Traits/EnumeratesValues.php(257): Illuminate\\Foundation\\Console\\ViewCacheCommand->Illuminate\\Foundation\\Console\\{closure}()
#3 /mnt/diskD/BELAJAR/CODING/MAIN/PROJECT/rats-backend/api/vendor/laravel/framework/src/Illuminate/Foundation/Console/ViewCacheCommand.php(38): Illuminate\\Support\\Collection->each()
#4 /mnt/diskD/BELAJAR/CODING/MAIN/PROJECT/rats-backend/api/vendor/laravel/framework/src/Illuminate/Container/BoundMethod.php(36): Illuminate\\Foundation\\Console\\ViewCacheCommand->handle()
#5 /mnt/diskD/BELAJAR/CODING/MAIN/PROJECT/rats-backend/api/vendor/laravel/framework/src/Illuminate/Container/Util.php(43): Illuminate\\Container\\BoundMethod::Illuminate\\Container\\{closure}()
#6 /mnt/diskD/BELAJAR/CODING/MAIN/PROJECT/rats-backend/api/vendor/laravel/framework/src/Illuminate/Container/BoundMethod.php(95): Illuminate\\Container\\Util::unwrapIfClosure()
#7 /mnt/diskD/BELAJAR/CODING/MAIN/PROJECT/rats-backend/api/vendor/laravel/framework/src/Illuminate/Container/BoundMethod.php(35): Illuminate\\Container\\BoundMethod::callBoundMethod()
#8 /mnt/diskD/BELAJAR/CODING/MAIN/PROJECT/rats-backend/api/vendor/laravel/framework/src/Illuminate/Container/Container.php(690): Illuminate\\Container\\BoundMethod::call()
#9 /mnt/diskD/BELAJAR/CODING/MAIN/PROJECT/rats-backend/api/vendor/laravel/framework/src/Illuminate/Console/Command.php(213): Illuminate\\Container\\Container->call()
#10 /mnt/diskD/BELAJAR/CODING/MAIN/PROJECT/rats-backend/api/vendor/symfony/console/Command/Command.php(279): Illuminate\\Console\\Command->execute()
#11 /mnt/diskD/BELAJAR/CODING/MAIN/PROJECT/rats-backend/api/vendor/laravel/framework/src/Illuminate/Console/Command.php(182): Symfony\\Component\\Console\\Command\\Command->run()
#12 /mnt/diskD/BELAJAR/CODING/MAIN/PROJECT/rats-backend/api/vendor/laravel/framework/src/Illuminate/Console/Concerns/CallsCommands.php(67): Illuminate\\Console\\Command->run()
#13 /mnt/diskD/BELAJAR/CODING/MAIN/PROJECT/rats-backend/api/vendor/laravel/framework/src/Illuminate/Console/Concerns/CallsCommands.php(40): Illuminate\\Console\\Command->runCommand()
#14 /mnt/diskD/BELAJAR/CODING/MAIN/PROJECT/rats-backend/api/vendor/laravel/framework/src/Illuminate/Console/Concerns/CallsCommands.php(52): Illuminate\\Console\\Command->callSilent()
#15 /mnt/diskD/BELAJAR/CODING/MAIN/PROJECT/rats-backend/api/vendor/laravel/framework/src/Illuminate/Foundation/Console/OptimizeCommand.php(36): Illuminate\\Console\\Command->callSilently()
#16 /mnt/diskD/BELAJAR/CODING/MAIN/PROJECT/rats-backend/api/vendor/laravel/framework/src/Illuminate/Console/View/Components/Task.php(40): Illuminate\\Foundation\\Console\\OptimizeCommand->Illuminate\\Foundation\\Console\\{closure}()
#17 /mnt/diskD/BELAJAR/CODING/MAIN/PROJECT/rats-backend/api/vendor/laravel/framework/src/Illuminate/Console/View/Components/Factory.php(60): Illuminate\\Console\\View\\Components\\Task->render()
#18 /mnt/diskD/BELAJAR/CODING/MAIN/PROJECT/rats-backend/api/vendor/laravel/framework/src/Illuminate/Foundation/Console/OptimizeCommand.php(36): Illuminate\\Console\\View\\Components\\Factory->__call()
#19 /mnt/diskD/BELAJAR/CODING/MAIN/PROJECT/rats-backend/api/vendor/laravel/framework/src/Illuminate/Container/BoundMethod.php(36): Illuminate\\Foundation\\Console\\OptimizeCommand->handle()
#20 /mnt/diskD/BELAJAR/CODING/MAIN/PROJECT/rats-backend/api/vendor/laravel/framework/src/Illuminate/Container/Util.php(43): Illuminate\\Container\\BoundMethod::Illuminate\\Container\\{closure}()
#21 /mnt/diskD/BELAJAR/CODING/MAIN/PROJECT/rats-backend/api/vendor/laravel/framework/src/Illuminate/Container/BoundMethod.php(95): Illuminate\\Container\\Util::unwrapIfClosure()
#22 /mnt/diskD/BELAJAR/CODING/MAIN/PROJECT/rats-backend/api/vendor/laravel/framework/src/Illuminate/Container/BoundMethod.php(35): Illuminate\\Container\\BoundMethod::callBoundMethod()
#23 /mnt/diskD/BELAJAR/CODING/MAIN/PROJECT/rats-backend/api/vendor/laravel/framework/src/Illuminate/Container/Container.php(690): Illuminate\\Container\\BoundMethod::call()
#24 /mnt/diskD/BELAJAR/CODING/MAIN/PROJECT/rats-backend/api/vendor/laravel/framework/src/Illuminate/Console/Command.php(213): Illuminate\\Container\\Container->call()
#25 /mnt/diskD/BELAJAR/CODING/MAIN/PROJECT/rats-backend/api/vendor/symfony/console/Command/Command.php(279): Illuminate\\Console\\Command->execute()
#26 /mnt/diskD/BELAJAR/CODING/MAIN/PROJECT/rats-backend/api/vendor/laravel/framework/src/Illuminate/Console/Command.php(182): Symfony\\Component\\Console\\Command\\Command->run()
#27 /mnt/diskD/BELAJAR/CODING/MAIN/PROJECT/rats-backend/api/vendor/symfony/console/Application.php(1047): Illuminate\\Console\\Command->run()
#28 /mnt/diskD/BELAJAR/CODING/MAIN/PROJECT/rats-backend/api/vendor/symfony/console/Application.php(316): Symfony\\Component\\Console\\Application->doRunCommand()
#29 /mnt/diskD/BELAJAR/CODING/MAIN/PROJECT/rats-backend/api/vendor/symfony/console/Application.php(167): Symfony\\Component\\Console\\Application->doRun()
#30 /mnt/diskD/BELAJAR/CODING/MAIN/PROJECT/rats-backend/api/vendor/laravel/framework/src/Illuminate/Foundation/Console/Kernel.php(197): Symfony\\Component\\Console\\Application->run()
#31 /mnt/diskD/BELAJAR/CODING/MAIN/PROJECT/rats-backend/api/vendor/laravel/framework/src/Illuminate/Foundation/Application.php(1205): Illuminate\\Foundation\\Console\\Kernel->handle()
#32 /mnt/diskD/BELAJAR/CODING/MAIN/PROJECT/rats-backend/api/artisan(13): Illuminate\\Foundation\\Application->handleCommand()
#33 {main}
"} 
